{"C:\\Users\\Pichau\\Downloads\\recintos-do-zoo-desafil-final\\recintos-do-zoo-main\\src\\recintos-zoo.js": {"path":"C:\\Users\\Pichau\\Downloads\\recintos-do-zoo-desafil-final\\recintos-do-zoo-main\\src\\recintos-zoo.js","all":false,"statementMap":{"0":{"start":{"line":1,"column":0},"end":{"line":1,"column":19}},"1":{"start":{"line":2,"column":0},"end":{"line":2,"column":17}},"2":{"start":{"line":3,"column":0},"end":{"line":3,"column":50}},"3":{"start":{"line":4,"column":0},"end":{"line":4,"column":21}},"4":{"start":{"line":5,"column":0},"end":{"line":5,"column":84}},"5":{"start":{"line":6,"column":0},"end":{"line":6,"column":77}},"6":{"start":{"line":7,"column":0},"end":{"line":7,"column":89}},"7":{"start":{"line":8,"column":0},"end":{"line":8,"column":72}},"8":{"start":{"line":9,"column":0},"end":{"line":9,"column":81}},"9":{"start":{"line":10,"column":0},"end":{"line":10,"column":6}},"10":{"start":{"line":11,"column":0},"end":{"line":11,"column":0}},"11":{"start":{"line":12,"column":0},"end":{"line":12,"column":48}},"12":{"start":{"line":13,"column":0},"end":{"line":13,"column":20}},"13":{"start":{"line":14,"column":0},"end":{"line":14,"column":48}},"14":{"start":{"line":15,"column":0},"end":{"line":15,"column":52}},"15":{"start":{"line":16,"column":0},"end":{"line":16,"column":50}},"16":{"start":{"line":17,"column":0},"end":{"line":17,"column":62}},"17":{"start":{"line":18,"column":0},"end":{"line":18,"column":50}},"18":{"start":{"line":19,"column":0},"end":{"line":19,"column":61}},"19":{"start":{"line":20,"column":0},"end":{"line":20,"column":6}},"20":{"start":{"line":21,"column":0},"end":{"line":21,"column":3}},"21":{"start":{"line":22,"column":0},"end":{"line":22,"column":0}},"22":{"start":{"line":23,"column":0},"end":{"line":23,"column":5}},"23":{"start":{"line":24,"column":0},"end":{"line":24,"column":112}},"24":{"start":{"line":25,"column":0},"end":{"line":25,"column":59}},"25":{"start":{"line":26,"column":0},"end":{"line":26,"column":69}},"26":{"start":{"line":27,"column":0},"end":{"line":27,"column":91}},"27":{"start":{"line":28,"column":0},"end":{"line":28,"column":5}},"28":{"start":{"line":29,"column":0},"end":{"line":29,"column":39}},"29":{"start":{"line":30,"column":0},"end":{"line":30,"column":36}},"30":{"start":{"line":31,"column":0},"end":{"line":31,"column":32}},"31":{"start":{"line":32,"column":0},"end":{"line":32,"column":41}},"32":{"start":{"line":33,"column":0},"end":{"line":33,"column":5}},"33":{"start":{"line":34,"column":0},"end":{"line":34,"column":0}},"34":{"start":{"line":35,"column":0},"end":{"line":35,"column":40}},"35":{"start":{"line":36,"column":0},"end":{"line":36,"column":59}},"36":{"start":{"line":37,"column":0},"end":{"line":37,"column":45}},"37":{"start":{"line":38,"column":0},"end":{"line":38,"column":5}},"38":{"start":{"line":39,"column":0},"end":{"line":39,"column":0}},"39":{"start":{"line":40,"column":0},"end":{"line":40,"column":25}},"40":{"start":{"line":41,"column":0},"end":{"line":41,"column":52}},"41":{"start":{"line":42,"column":0},"end":{"line":42,"column":0}},"42":{"start":{"line":43,"column":0},"end":{"line":43,"column":72}},"43":{"start":{"line":44,"column":0},"end":{"line":44,"column":38}},"44":{"start":{"line":45,"column":0},"end":{"line":45,"column":74}},"45":{"start":{"line":46,"column":0},"end":{"line":46,"column":42}},"46":{"start":{"line":47,"column":0},"end":{"line":47,"column":71}},"47":{"start":{"line":48,"column":0},"end":{"line":48,"column":72}},"48":{"start":{"line":49,"column":0},"end":{"line":49,"column":59}},"49":{"start":{"line":50,"column":0},"end":{"line":50,"column":38}},"50":{"start":{"line":51,"column":0},"end":{"line":51,"column":0}},"51":{"start":{"line":52,"column":0},"end":{"line":52,"column":87}},"52":{"start":{"line":53,"column":0},"end":{"line":53,"column":63}},"53":{"start":{"line":54,"column":0},"end":{"line":54,"column":79}},"54":{"start":{"line":55,"column":0},"end":{"line":55,"column":0}},"55":{"start":{"line":56,"column":0},"end":{"line":56,"column":54}},"56":{"start":{"line":57,"column":0},"end":{"line":57,"column":36}},"57":{"start":{"line":58,"column":0},"end":{"line":58,"column":61}},"58":{"start":{"line":59,"column":0},"end":{"line":59,"column":26}},"59":{"start":{"line":60,"column":0},"end":{"line":60,"column":35}},"60":{"start":{"line":61,"column":0},"end":{"line":61,"column":47}},"61":{"start":{"line":62,"column":0},"end":{"line":62,"column":108}},"62":{"start":{"line":63,"column":0},"end":{"line":63,"column":13}},"63":{"start":{"line":64,"column":0},"end":{"line":64,"column":9}},"64":{"start":{"line":65,"column":0},"end":{"line":65,"column":7}},"65":{"start":{"line":66,"column":0},"end":{"line":66,"column":7}},"66":{"start":{"line":67,"column":0},"end":{"line":67,"column":0}},"67":{"start":{"line":68,"column":0},"end":{"line":68,"column":64}},"68":{"start":{"line":69,"column":0},"end":{"line":69,"column":31}},"69":{"start":{"line":70,"column":0},"end":{"line":70,"column":32}},"70":{"start":{"line":71,"column":0},"end":{"line":71,"column":56}},"71":{"start":{"line":72,"column":0},"end":{"line":72,"column":37}},"72":{"start":{"line":73,"column":0},"end":{"line":73,"column":9}},"73":{"start":{"line":74,"column":0},"end":{"line":74,"column":55}},"74":{"start":{"line":75,"column":0},"end":{"line":75,"column":9}},"75":{"start":{"line":76,"column":0},"end":{"line":76,"column":0}},"76":{"start":{"line":77,"column":0},"end":{"line":77,"column":62}},"77":{"start":{"line":78,"column":0},"end":{"line":78,"column":12}},"78":{"start":{"line":79,"column":0},"end":{"line":79,"column":47}},"79":{"start":{"line":80,"column":0},"end":{"line":80,"column":5}},"80":{"start":{"line":81,"column":0},"end":{"line":81,"column":3}},"81":{"start":{"line":82,"column":0},"end":{"line":82,"column":0}},"82":{"start":{"line":83,"column":0},"end":{"line":83,"column":5}},"83":{"start":{"line":84,"column":0},"end":{"line":84,"column":53}},"84":{"start":{"line":85,"column":0},"end":{"line":85,"column":59}},"85":{"start":{"line":86,"column":0},"end":{"line":86,"column":81}},"86":{"start":{"line":87,"column":0},"end":{"line":87,"column":75}},"87":{"start":{"line":88,"column":0},"end":{"line":88,"column":5}},"88":{"start":{"line":89,"column":0},"end":{"line":89,"column":1}},"89":{"start":{"line":90,"column":0},"end":{"line":90,"column":0}},"90":{"start":{"line":91,"column":0},"end":{"line":91,"column":38}}},"s":{"0":1,"1":1,"2":5,"3":5,"4":5,"5":5,"6":5,"7":5,"8":5,"9":5,"10":5,"11":5,"12":5,"13":5,"14":5,"15":5,"16":5,"17":5,"18":5,"19":5,"20":5,"21":1,"22":1,"23":1,"24":1,"25":1,"26":1,"27":1,"28":1,"29":5,"30":5,"31":1,"32":1,"33":4,"34":4,"35":5,"36":1,"37":1,"38":3,"39":3,"40":3,"41":3,"42":3,"43":3,"44":15,"45":15,"46":7,"47":7,"48":7,"49":7,"50":7,"51":7,"52":7,"53":7,"54":7,"55":7,"56":7,"57":4,"58":4,"59":4,"60":4,"61":4,"62":4,"63":4,"64":7,"65":3,"66":3,"67":3,"68":5,"69":2,"70":2,"71":1,"72":1,"73":1,"74":2,"75":2,"76":2,"77":5,"78":1,"79":1,"80":5,"81":1,"82":1,"83":1,"84":1,"85":1,"86":1,"87":1,"88":1,"89":1,"90":1},"branchMap":{"0":{"type":"branch","line":2,"loc":{"start":{"line":2,"column":2},"end":{"line":21,"column":3}},"locations":[{"start":{"line":2,"column":2},"end":{"line":21,"column":3}}]},"1":{"type":"branch","line":29,"loc":{"start":{"line":29,"column":2},"end":{"line":81,"column":3}},"locations":[{"start":{"line":29,"column":2},"end":{"line":81,"column":3}}]},"2":{"type":"branch","line":31,"loc":{"start":{"line":31,"column":31},"end":{"line":33,"column":5}},"locations":[{"start":{"line":31,"column":31},"end":{"line":33,"column":5}}]},"3":{"type":"branch","line":33,"loc":{"start":{"line":33,"column":4},"end":{"line":36,"column":27}},"locations":[{"start":{"line":33,"column":4},"end":{"line":36,"column":27}}]},"4":{"type":"branch","line":36,"loc":{"start":{"line":36,"column":23},"end":{"line":36,"column":56}},"locations":[{"start":{"line":36,"column":23},"end":{"line":36,"column":56}}]},"5":{"type":"branch","line":36,"loc":{"start":{"line":36,"column":58},"end":{"line":38,"column":5}},"locations":[{"start":{"line":36,"column":58},"end":{"line":38,"column":5}}]},"6":{"type":"branch","line":38,"loc":{"start":{"line":38,"column":4},"end":{"line":69,"column":30}},"locations":[{"start":{"line":38,"column":4},"end":{"line":69,"column":30}}]},"7":{"type":"branch","line":69,"loc":{"start":{"line":69,"column":30},"end":{"line":78,"column":5}},"locations":[{"start":{"line":69,"column":30},"end":{"line":78,"column":5}}]},"8":{"type":"branch","line":78,"loc":{"start":{"line":78,"column":5},"end":{"line":80,"column":5}},"locations":[{"start":{"line":78,"column":5},"end":{"line":80,"column":5}}]},"9":{"type":"branch","line":44,"loc":{"start":{"line":44,"column":26},"end":{"line":66,"column":5}},"locations":[{"start":{"line":44,"column":26},"end":{"line":66,"column":5}}]},"10":{"type":"branch","line":46,"loc":{"start":{"line":46,"column":41},"end":{"line":65,"column":7}},"locations":[{"start":{"line":46,"column":41},"end":{"line":65,"column":7}}]},"11":{"type":"branch","line":53,"loc":{"start":{"line":53,"column":54},"end":{"line":53,"column":58}},"locations":[{"start":{"line":53,"column":54},"end":{"line":53,"column":58}}]},"12":{"type":"branch","line":53,"loc":{"start":{"line":53,"column":58},"end":{"line":53,"column":62}},"locations":[{"start":{"line":53,"column":58},"end":{"line":53,"column":62}}]},"13":{"type":"branch","line":57,"loc":{"start":{"line":57,"column":35},"end":{"line":64,"column":9}},"locations":[{"start":{"line":57,"column":35},"end":{"line":64,"column":9}}]},"14":{"type":"branch","line":70,"loc":{"start":{"line":70,"column":21},"end":{"line":75,"column":7}},"locations":[{"start":{"line":70,"column":21},"end":{"line":75,"column":7}}]},"15":{"type":"branch","line":71,"loc":{"start":{"line":71,"column":55},"end":{"line":75,"column":7}},"locations":[{"start":{"line":71,"column":55},"end":{"line":75,"column":7}}]},"16":{"type":"branch","line":77,"loc":{"start":{"line":77,"column":46},"end":{"line":77,"column":58}},"locations":[{"start":{"line":77,"column":46},"end":{"line":77,"column":58}}]}},"b":{"0":[5],"1":[5],"2":[1],"3":[4],"4":[3],"5":[1],"6":[3],"7":[2],"8":[1],"9":[15],"10":[7],"11":[2],"12":[5],"13":[4],"14":[2],"15":[1],"16":[4]},"fnMap":{"0":{"name":"RecintosZoo","decl":{"start":{"line":2,"column":2},"end":{"line":21,"column":3}},"loc":{"start":{"line":2,"column":2},"end":{"line":21,"column":3}},"line":2},"1":{"name":"analisaRecintos","decl":{"start":{"line":29,"column":2},"end":{"line":81,"column":3}},"loc":{"start":{"line":29,"column":2},"end":{"line":81,"column":3}},"line":29}},"f":{"0":5,"1":5}}
}
