TN:
SF:src\recintos-zoo.js
FN:2,RecintosZoo
FN:29,analisaRecintos
FNF:2
FNH:2
FNDA:5,RecintosZoo
FNDA:5,analisaRecintos
DA:1,1
DA:2,1
DA:3,5
DA:4,5
DA:5,5
DA:6,5
DA:7,5
DA:8,5
DA:9,5
DA:10,5
DA:11,5
DA:12,5
DA:13,5
DA:14,5
DA:15,5
DA:16,5
DA:17,5
DA:18,5
DA:19,5
DA:20,5
DA:21,5
DA:22,1
DA:23,1
DA:24,1
DA:25,1
DA:26,1
DA:27,1
DA:28,1
DA:29,1
DA:30,5
DA:31,5
DA:32,1
DA:33,1
DA:34,4
DA:35,4
DA:36,5
DA:37,1
DA:38,1
DA:39,3
DA:40,3
DA:41,3
DA:42,3
DA:43,3
DA:44,3
DA:45,15
DA:46,15
DA:47,7
DA:48,7
DA:49,7
DA:50,7
DA:51,7
DA:52,7
DA:53,7
DA:54,7
DA:55,7
DA:56,7
DA:57,7
DA:58,4
DA:59,4
DA:60,4
DA:61,4
DA:62,4
DA:63,4
DA:64,4
DA:65,7
DA:66,3
DA:67,3
DA:68,3
DA:69,5
DA:70,2
DA:71,2
DA:72,1
DA:73,1
DA:74,1
DA:75,2
DA:76,2
DA:77,2
DA:78,5
DA:79,1
DA:80,1
DA:81,5
DA:82,1
DA:83,1
DA:84,1
DA:85,1
DA:86,1
DA:87,1
DA:88,1
DA:89,1
DA:90,1
DA:91,1
LF:91
LH:91
BRDA:2,0,0,5
BRDA:29,1,0,5
BRDA:31,2,0,1
BRDA:33,3,0,4
BRDA:36,4,0,3
BRDA:36,5,0,1
BRDA:38,6,0,3
BRDA:69,7,0,2
BRDA:78,8,0,1
BRDA:44,9,0,15
BRDA:46,10,0,7
BRDA:53,11,0,2
BRDA:53,12,0,5
BRDA:57,13,0,4
BRDA:70,14,0,2
BRDA:71,15,0,1
BRDA:77,16,0,4
BRF:17
BRH:17
end_of_record
